<?xml version="1.0" encoding="UTF-8"?>
<coverage generated="1707247467437" clover="3.2.0">
  <project timestamp="1707247467437" name="All files">
    <metrics statements="18" coveredstatements="12" conditionals="2" coveredconditionals="1" methods="8" coveredmethods="6" elements="28" coveredelements="19" complexity="0" loc="18" ncloc="18" packages="2" files="4" classes="4"/>
    <package name="src">
      <metrics statements="17" coveredstatements="11" conditionals="2" coveredconditionals="1" methods="8" coveredmethods="6"/>
      <file name="Api.ts" path="/Users/damirlut/midis/jest/src/Api.ts">
        <metrics statements="13" coveredstatements="9" conditionals="2" coveredconditionals="1" methods="7" coveredmethods="5"/>
        <line num="3" count="1" type="stmt"/>
        <line num="5" count="1" type="stmt"/>
        <line num="6" count="1" type="stmt"/>
        <line num="12" count="1" type="stmt"/>
        <line num="13" count="1" type="stmt"/>
        <line num="17" count="3" type="stmt"/>
        <line num="18" count="3" type="cond" truecount="1" falsecount="0"/>
        <line num="19" count="2" type="stmt"/>
        <line num="22" count="1" type="stmt"/>
        <line num="26" count="0" type="stmt"/>
        <line num="27" count="0" type="cond" truecount="0" falsecount="1"/>
        <line num="28" count="0" type="stmt"/>
        <line num="31" count="0" type="stmt"/>
      </file>
      <file name="main.ts" path="/Users/damirlut/midis/jest/src/main.ts">
        <metrics statements="2" coveredstatements="0" conditionals="0" coveredconditionals="0" methods="0" coveredmethods="0"/>
        <line num="1" count="0" type="stmt"/>
        <line num="3" count="0" type="stmt"/>
      </file>
      <file name="users.ts" path="/Users/damirlut/midis/jest/src/users.ts">
        <metrics statements="2" coveredstatements="2" conditionals="0" coveredconditionals="0" methods="1" coveredmethods="1"/>
        <line num="3" count="1" type="stmt"/>
        <line num="4" count="1" type="stmt"/>
      </file>
    </package>
    <package name="test">
      <metrics statements="1" coveredstatements="1" conditionals="0" coveredconditionals="0" methods="0" coveredmethods="0"/>
      <file name="mock.ts" path="/Users/damirlut/midis/jest/test/mock.ts">
        <metrics statements="1" coveredstatements="1" conditionals="0" coveredconditionals="0" methods="0" coveredmethods="0"/>
        <line num="3" count="2" type="stmt"/>
      </file>
    </package>
  </project>
</coverage>
