{"/Users/damirlut/midis/jest/src/Api.ts": {"path":"/Users/damirlut/midis/jest/src/Api.ts","statementMap":{"0":{"start":{"line":5,"column":24},"end":{"line":5,"column":48}},"1":{"start":{"line":6,"column":22},"end":{"line":6,"column":31}},"2":{"start":{"line":12,"column":42},"end":{"line":12,"column":100}},"3":{"start":{"line":12,"column":89},"end":{"line":12,"column":99}},"4":{"start":{"line":13,"column":8},"end":{"line":13,"column":30}},"5":{"start":{"line":17,"column":25},"end":{"line":17,"column":91}},"6":{"start":{"line":17,"column":80},"end":{"line":17,"column":90}},"7":{"start":{"line":18,"column":8},"end":{"line":20,"column":9}},"8":{"start":{"line":19,"column":12},"end":{"line":19,"column":46}},"9":{"start":{"line":22,"column":8},"end":{"line":22,"column":24}},"10":{"start":{"line":26,"column":25},"end":{"line":26,"column":98}},"11":{"start":{"line":26,"column":87},"end":{"line":26,"column":97}},"12":{"start":{"line":27,"column":8},"end":{"line":29,"column":9}},"13":{"start":{"line":28,"column":12},"end":{"line":28,"column":46}},"14":{"start":{"line":31,"column":8},"end":{"line":31,"column":24}},"15":{"start":{"line":3,"column":0},"end":{"line":3,"column":13}}},"fnMap":{"0":{"name":"(anonymous_0)","decl":{"start":{"line":8,"column":4},"end":{"line":8,"column":null}},"loc":{"start":{"line":8,"column":4},"end":{"line":9,"column":5}}},"1":{"name":"(anonymous_1)","decl":{"start":{"line":11,"column":4},"end":{"line":11,"column":9}},"loc":{"start":{"line":11,"column":18},"end":{"line":14,"column":5}}},"2":{"name":"(anonymous_2)","decl":{"start":{"line":12,"column":84},"end":{"line":12,"column":87}},"loc":{"start":{"line":12,"column":89},"end":{"line":12,"column":99}}},"3":{"name":"(anonymous_3)","decl":{"start":{"line":16,"column":4},"end":{"line":16,"column":9}},"loc":{"start":{"line":16,"column":32},"end":{"line":23,"column":5}}},"4":{"name":"(anonymous_4)","decl":{"start":{"line":17,"column":73},"end":{"line":17,"column":76}},"loc":{"start":{"line":17,"column":80},"end":{"line":17,"column":90}}},"5":{"name":"(anonymous_5)","decl":{"start":{"line":25,"column":4},"end":{"line":25,"column":9}},"loc":{"start":{"line":25,"column":35},"end":{"line":32,"column":5}}},"6":{"name":"(anonymous_6)","decl":{"start":{"line":26,"column":82},"end":{"line":26,"column":85}},"loc":{"start":{"line":26,"column":87},"end":{"line":26,"column":97}}}},"branchMap":{"0":{"loc":{"start":{"line":18,"column":8},"end":{"line":20,"column":9}},"type":"if","locations":[{"start":{"line":18,"column":8},"end":{"line":20,"column":9}}]},"1":{"loc":{"start":{"line":27,"column":8},"end":{"line":29,"column":9}},"type":"if","locations":[{"start":{"line":27,"column":8},"end":{"line":29,"column":9}}]}},"s":{"0":1,"1":1,"2":1,"3":1,"4":1,"5":3,"6":3,"7":3,"8":2,"9":1,"10":0,"11":0,"12":0,"13":0,"14":0,"15":1},"f":{"0":1,"1":1,"2":1,"3":3,"4":3,"5":0,"6":0},"b":{"0":[2],"1":[0]}}
,"/Users/damirlut/midis/jest/src/main.ts": {"path":"/Users/damirlut/midis/jest/src/main.ts","statementMap":{"0":{"start":{"line":1,"column":0},"end":{"line":1,"column":26}},"1":{"start":{"line":3,"column":0},"end":{"line":3,"column":null}}},"fnMap":{},"branchMap":{},"s":{"0":0,"1":0},"f":{},"b":{}}
,"/Users/damirlut/midis/jest/src/users.ts": {"path":"/Users/damirlut/midis/jest/src/users.ts","statementMap":{"0":{"start":{"line":4,"column":4},"end":{"line":4,"column":null}},"1":{"start":{"line":3,"column":0},"end":{"line":3,"column":16}}},"fnMap":{"0":{"name":"getUserFullname","decl":{"start":{"line":3,"column":16},"end":{"line":3,"column":31}},"loc":{"start":{"line":3,"column":42},"end":{"line":5,"column":1}}}},"branchMap":{},"s":{"0":1,"1":1},"f":{"0":1},"b":{}}
,"/Users/damirlut/midis/jest/test/mock.ts": {"path":"/Users/damirlut/midis/jest/test/mock.ts","statementMap":{"0":{"start":{"line":3,"column":13},"end":{"line":345,"column":null}}},"fnMap":{},"branchMap":{},"s":{"0":2},"f":{},"b":{}}
}
