TN:
SF:src/Api.ts
FN:8,(anonymous_0)
FN:11,(anonymous_1)
FN:12,(anonymous_2)
FN:16,(anonymous_3)
FN:17,(anonymous_4)
FN:25,(anonymous_5)
FN:26,(anonymous_6)
FNF:7
FNH:5
FNDA:1,(anonymous_0)
FNDA:1,(anonymous_1)
FNDA:1,(anonymous_2)
FNDA:3,(anonymous_3)
FNDA:3,(anonymous_4)
FNDA:0,(anonymous_5)
FNDA:0,(anonymous_6)
DA:3,1
DA:5,1
DA:6,1
DA:12,1
DA:13,1
DA:17,3
DA:18,3
DA:19,2
DA:22,1
DA:26,0
DA:27,0
DA:28,0
DA:31,0
LF:13
LH:9
BRDA:18,0,0,2
BRDA:27,1,0,0
BRF:2
BRH:1
end_of_record
TN:
SF:src/main.ts
FNF:0
FNH:0
DA:1,0
DA:3,0
LF:2
LH:0
BRF:0
BRH:0
end_of_record
TN:
SF:src/users.ts
FN:3,getUserFullname
FNF:1
FNH:1
FNDA:1,getUserFullname
DA:3,1
DA:4,1
LF:2
LH:2
BRF:0
BRH:0
end_of_record
TN:
SF:test/mock.ts
FNF:0
FNH:0
DA:3,2
LF:1
LH:1
BRF:0
BRH:0
end_of_record
